<?xml version="1.0" encoding="UTF-8"?>
<testsuite xmlns:xsi="http://www.w3.org/2001/XMLSchema-instance" xsi:noNamespaceSchemaLocation="https://maven.apache.org/surefire/maven-surefire-plugin/xsd/surefire-test-report.xsd" version="3.0.2" name="com.example.demo.EmployeeSpringApplicationTests" time="1.892" tests="1" errors="0" skipped="0" failures="0" flakes="0">
  <properties>
[...]
</properties>
  <testcase name="contextLoads" classname="com.example.demo.EmployeeSpringApplicationTests" time="0.749">
    <system-out><![CDATA[12:34:10.164 [main] INFO org.springframework.test.context.support.AnnotationConfigContextLoaderUtils -- Could not detect default configuration classes for test class [com.example.demo.EmployeeSpringApplicationTests]: EmployeeSpringApplicationTests does not declare any static, non-private, non-final, nested classes annotated with @Configuration.
12:34:10.255 [main] INFO org.springframework.boot.test.context.SpringBootTestContextBootstrapper -- Found @SpringBootConfiguration com.example.demo.EmployeeSpringApplication for test class com.example.demo.EmployeeSpringApplicationTests
12:34:10.342 [main] INFO org.springframework.test.context.support.AnnotationConfigContextLoaderUtils -- Could not detect default configuration classes for test class [com.example.demo.EmployeeSpringApplicationTests]: EmployeeSpringApplicationTests does not declare any static, non-private, non-final, nested classes annotated with @Configuration.
12:34:10.344 [main] INFO org.springframework.boot.test.context.SpringBootTestContextBootstrapper -- Found @SpringBootConfiguration com.example.demo.EmployeeSpringApplication for test class com.example.demo.EmployeeSpringApplicationTests
12:34:10.400 [main] INFO org.springframework.boot.devtools.restart.RestartApplicationListener -- Restart disabled due to context in which it is running

  .   ____          _            __ _ _
 /\\ / ___'_ __ _ _(_)_ __  __ _ \ \ \ \
( ( )\___ | '_ | '_| | '_ \/ _` | \ \ \ \
 \\/  ___)| |_)| | | | | || (_| |  ) ) ) )
  '  |____| .__|_| |_|_| |_\__, | / / / /
 =========|_|==============|___/=/_/_/_/

 :: Spring Boot ::                (v4.1.0)

2026-07-13T12:34:10.667+05:30  INFO 13424 --- [employee-spring] [           main] c.e.demo.EmployeeSpringApplicationTests  : Starting EmployeeSpringApplicationTests using Java 17.0.16 with PID 13424 (started by brind in C:\Users\brind\eclipse-workspace\employee-spring)
2026-07-13T12:34:10.668+05:30  INFO 13424 --- [employee-spring] [           main] c.e.demo.EmployeeSpringApplicationTests  : No active profile set, falling back to 1 default profile: "default"
2026-07-13T12:34:11.087+05:30  INFO 13424 --- [employee-spring] [           main] c.e.demo.EmployeeSpringApplicationTests  : Started EmployeeSpringApplicationTests in 0.698 seconds (process running for 1.751)
]]></system-out>
  </testcase>
</testsuite>